<?xml version="1.0" encoding="UTF-8"?>
<testsuite xmlns:xsi="http://www.w3.org/2001/XMLSchema-instance" xsi:noNamespaceSchemaLocation="https://maven.apache.org/surefire/maven-surefire-plugin/xsd/surefire-test-report-3.0.xsd" version="3.0" name="functions.TestDisplayTasks" time="2.592" tests="1" errors="0" skipped="0" failures="0">
  <properties>
    <property name="sun.desktop" value="windows"/>
    <property name="awt.toolkit" value="sun.awt.windows.WToolkit"/>
    <property name="java.specification.version" value="11"/>
    <property name="sun.cpu.isalist" value="amd64"/>
    <property name="sun.jnu.encoding" value="Cp1252"/>
    <property name="java.class.path" value="C:\FILES\LEARN\QA engineer\NACKADEMIN KVALIT22\Examensarbete (Exjobb)\PROJEKT TODO-LIST\PROJECT_TODO-LIST_Code\Test\target\test-classes;C:\FILES\LEARN\QA engineer\NACKADEMIN KVALIT22\Examensarbete (Exjobb)\PROJEKT TODO-LIST\PROJECT_TODO-LIST_Code\Test\target\classes;C:\Windows\system32\config\systemprofile\.m2\repository\com\microsoft\playwright\playwright\1.37.0\playwright-1.37.0.jar;C:\Windows\system32\config\systemprofile\.m2\repository\com\google\code\gson\gson\2.8.9\gson-2.8.9.jar;C:\Windows\system32\config\systemprofile\.m2\repository\org\opentest4j\opentest4j\1.2.0\opentest4j-1.2.0.jar;C:\Windows\system32\config\systemprofile\.m2\repository\com\microsoft\playwright\driver\1.37.0\driver-1.37.0.jar;C:\Windows\system32\config\systemprofile\.m2\repository\com\microsoft\playwright\driver-bundle\1.37.0\driver-bundle-1.37.0.jar;C:\Windows\system32\config\systemprofile\.m2\repository\org\junit\jupiter\junit-jupiter-api\5.9.3\junit-jupiter-api-5.9.3.jar;C:\Windows\system32\config\systemprofile\.m2\repository\org\junit\platform\junit-platform-commons\1.9.3\junit-platform-commons-1.9.3.jar;C:\Windows\system32\config\systemprofile\.m2\repository\org\apiguardian\apiguardian-api\1.1.2\apiguardian-api-1.1.2.jar;"/>
    <property name="java.vm.vendor" value="Oracle Corporation"/>
    <property name="sun.arch.data.model" value="64"/>
    <property name="user.variant" value=""/>
    <property name="java.vendor.url" value="https://openjdk.java.net/"/>
    <property name="user.timezone" value="Europe/Berlin"/>
    <property name="user.country.format" value="SE"/>
    <property name="java.vm.specification.version" value="11"/>
    <property name="os.name" value="Windows 10"/>
    <property name="sun.java.launcher" value="SUN_STANDARD"/>
    <property name="user.country" value="US"/>
    <property name="sun.boot.library.path" value="C:\Program Files\Java\jdk-11.0.16.1\bin"/>
    <property name="sun.java.command" value="C:\Windows\Temp\surefire11372411801354729245\surefirebooter-20231213135313989_3.jar C:\Windows\Temp\surefire11372411801354729245 2023-12-13T13-53-13_612-jvmRun1 surefire-20231213135313989_1tmp surefire_0-20231213135313989_2tmp"/>
    <property name="jdk.debug" value="release"/>
    <property name="surefire.test.class.path" value="C:\FILES\LEARN\QA engineer\NACKADEMIN KVALIT22\Examensarbete (Exjobb)\PROJEKT TODO-LIST\PROJECT_TODO-LIST_Code\Test\target\test-classes;C:\FILES\LEARN\QA engineer\NACKADEMIN KVALIT22\Examensarbete (Exjobb)\PROJEKT TODO-LIST\PROJECT_TODO-LIST_Code\Test\target\classes;C:\Windows\system32\config\systemprofile\.m2\repository\com\microsoft\playwright\playwright\1.37.0\playwright-1.37.0.jar;C:\Windows\system32\config\systemprofile\.m2\repository\com\google\code\gson\gson\2.8.9\gson-2.8.9.jar;C:\Windows\system32\config\systemprofile\.m2\repository\org\opentest4j\opentest4j\1.2.0\opentest4j-1.2.0.jar;C:\Windows\system32\config\systemprofile\.m2\repository\com\microsoft\playwright\driver\1.37.0\driver-1.37.0.jar;C:\Windows\system32\config\systemprofile\.m2\repository\com\microsoft\playwright\driver-bundle\1.37.0\driver-bundle-1.37.0.jar;C:\Windows\system32\config\systemprofile\.m2\repository\org\junit\jupiter\junit-jupiter-api\5.9.3\junit-jupiter-api-5.9.3.jar;C:\Windows\system32\config\systemprofile\.m2\repository\org\junit\platform\junit-platform-commons\1.9.3\junit-platform-commons-1.9.3.jar;C:\Windows\system32\config\systemprofile\.m2\repository\org\apiguardian\apiguardian-api\1.1.2\apiguardian-api-1.1.2.jar;"/>
    <property name="sun.cpu.endian" value="little"/>
    <property name="user.home" value="C:\Windows\system32\config\systemprofile"/>
    <property name="user.language" value="en"/>
    <property name="java.specification.vendor" value="Oracle Corporation"/>
    <property name="java.version.date" value="2022-08-18"/>
    <property name="java.home" value="C:\Program Files\Java\jdk-11.0.16.1"/>
    <property name="file.separator" value="\"/>
    <property name="basedir" value="C:\FILES\LEARN\QA engineer\NACKADEMIN KVALIT22\Examensarbete (Exjobb)\PROJEKT TODO-LIST\PROJECT_TODO-LIST_Code\Test"/>
    <property name="java.vm.compressedOopsMode" value="Zero based"/>
    <property name="line.separator" value="&#10;"/>
    <property name="java.specification.name" value="Java Platform API Specification"/>
    <property name="java.vm.specification.vendor" value="Oracle Corporation"/>
    <property name="java.awt.graphicsenv" value="sun.awt.Win32GraphicsEnvironment"/>
    <property name="surefire.real.class.path" value="C:\Windows\Temp\surefire11372411801354729245\surefirebooter-20231213135313989_3.jar"/>
    <property name="user.script" value=""/>
    <property name="sun.management.compiler" value="HotSpot 64-Bit Tiered Compilers"/>
    <property name="java.runtime.version" value="11.0.16.1+1-LTS-1"/>
    <property name="user.name" value="LAPTOP-URAKP0QA$"/>
    <property name="path.separator" value=";"/>
    <property name="os.version" value="10.0"/>
    <property name="java.runtime.name" value="Java(TM) SE Runtime Environment"/>
    <property name="file.encoding" value="Cp1252"/>
    <property name="java.vm.name" value="Java HotSpot(TM) 64-Bit Server VM"/>
    <property name="java.vendor.version" value="18.9"/>
    <property name="localRepository" value="C:\Windows\system32\config\systemprofile\.m2\repository"/>
    <property name="java.vendor.url.bug" value="https://bugreport.java.com/bugreport/"/>
    <property name="java.io.tmpdir" value="C:\Windows\TEMP\"/>
    <property name="java.version" value="11.0.16.1"/>
    <property name="user.dir" value="C:\FILES\LEARN\QA engineer\NACKADEMIN KVALIT22\Examensarbete (Exjobb)\PROJEKT TODO-LIST\PROJECT_TODO-LIST_Code\Test"/>
    <property name="os.arch" value="amd64"/>
    <property name="java.vm.specification.name" value="Java Virtual Machine Specification"/>
    <property name="java.awt.printerjob" value="sun.awt.windows.WPrinterJob"/>
    <property name="sun.os.patch.level" value=""/>
    <property name="java.library.path" value="C:\Program Files\Java\jdk-11.0.16.1\bin;C:\Windows\Sun\Java\bin;C:\Windows\system32;C:\Windows;C:\Program Files\Microsoft SDKs\Azure\CLI2\wbin;C:\Program Files\Common Files\Oracle\Java\javapath;C:\Windows\system32;C:\Windows;C:\Windows\System32\Wbem;C:\Windows\System32\WindowsPowerShell\v1.0\;C:\Windows\System32\OpenSSH\;C:\Program Files (x86)\NVIDIA Corporation\PhysX\Common;C:\Program Files\NVIDIA Corporation\NVIDIA NvDLISR;C:\Program Files (x86)\PICT\;C:\Program Files\dotnet\;C:\Users\nanos\AppData\Local\Android\Sdk;C:\Program Files\nodejs\;C:\Program Files\Git\cmd;C:\Program Files (x86)\Maven\apache-maven-3.9.4\bin;C:\Windows\system32\config\systemprofile\AppData\Local\Microsoft\WindowsApps;."/>
    <property name="java.vendor" value="Oracle Corporation"/>
    <property name="java.vm.info" value="mixed mode"/>
    <property name="java.vm.version" value="11.0.16.1+1-LTS-1"/>
    <property name="sun.io.unicode.encoding" value="UnicodeLittle"/>
    <property name="java.class.version" value="55.0"/>
  </properties>
  <testcase name="displayTasks" classname="functions.TestDisplayTasks" time="1.412">
    <system-out><![CDATA[Task with ID 1701346042001 has been updated
Task with ID 1701346042002 has been updated
{"idTasks":"1701346042003","whatToDo":"Task 3","Done_idDone":1,"Category_idCategory":6,"Priority_idPriority":2}
]]></system-out>
  </testcase>
</testsuite>